\BOOKMARK [1][-]{section*.1}{\376\377\000S\000u\000t\000a\000r\000t\000i\000n\000i\000s\000\040\000t\000e\000r\000m\000i\000n\001\163\000\040\001\176\000o\000d\000y\000n\000a\000s}{}% 1
\BOOKMARK [1][-]{section*.2}{\376\377\000S\000a\000n\000t\000r\000a\000u\000k\000a}{}% 2
\BOOKMARK [1][-]{section*.3}{\376\377\000S\000u\000m\000m\000a\000r\000y}{}% 3
\BOOKMARK [1][-]{section*.4}{\376\377\001\056\000v\000a\000d\000a\000s}{}% 4
\BOOKMARK [1][-]{section.1}{\376\377\000S\000u\000s\000i\000j\000u\000s\000i\001\163\000\040\000d\000a\000r\000b\001\163\000\040\000a\000n\000a\000l\000i\000z\001\027}{}% 5
\BOOKMARK [2][-]{subsection.1.1}{\376\377\000I\000n\000t\000e\000r\000n\000e\000t\000i\000n\000i\001\163\000\040\000s\000v\000e\000t\000a\000i\000n\000i\001\163\000\040\000s\000p\000r\000a\000g\001\163\000\040\000s\000k\000a\000i\000t\000y\000t\000u\000v\000a\000i}{section.1}% 6
\BOOKMARK [3][-]{subsubsection.1.1.1}{\376\377\000P\000e\000n\000t\000e\000s\000t\000-\000T\000o\000o\000l\000s\000\040\000s\000k\000a\000i\000t\000y\000t\000u\000v\000a\000s}{subsection.1.1}% 7
\BOOKMARK [1][-]{section.2}{\376\377\000S\000i\000s\000t\000e\000m\001\163\000\040\000a\000u\000d\000i\000t\000a\000v\000i\000m\000a\000s}{}% 8
\BOOKMARK [2][-]{subsection.2.1}{\376\377\000E\000l\000g\000s\000e\000n\000o\000s\000\040\000a\000n\000a\000l\000i\000z\001\027}{section.2}% 9
\BOOKMARK [3][-]{subsubsection.2.1.1}{\376\377\000E\000x\000a\000m\000p\000l\000e}{subsection.2.1}% 10
\BOOKMARK [2][-]{subsection.2.2}{\376\377\000S\000t\000a\000t\000i\000n\001\027\000\040\000k\000o\000d\000o\000\040\000a\000n\000a\000l\000i\000z\001\027}{section.2}% 11
\BOOKMARK [3][-]{subsubsection.2.2.1}{\376\377\000P\000a\000n\000a\000u\000d\000o\000j\000i\000m\000a\000s}{subsection.2.2}% 12
\BOOKMARK [3][-]{subsubsection.2.2.2}{\376\377\000P\000a\000n\000a\000u\000d\000o\000j\000i\000m\000a\000s\000\040\000d\000a\000r\000b\000e}{subsection.2.2}% 13
\BOOKMARK [2][-]{subsection.2.3}{\376\377\000D\000i\000n\000a\000m\000i\000n\001\027\000\040\000k\000o\000d\000o\000\040\000a\000n\000a\000l\000i\000z\001\027}{section.2}% 14
\BOOKMARK [3][-]{subsubsection.2.3.1}{\376\377\000P\000a\000n\000a\000u\000d\000o\000j\000i\000m\000a\000s}{subsection.2.3}% 15
\BOOKMARK [3][-]{subsubsection.2.3.2}{\376\377\000P\000a\000n\000a\000u\000d\000o\000j\000i\000m\000a\000s\000\040\000d\000a\000r\000b\000e}{subsection.2.3}% 16
\BOOKMARK [2][-]{subsection.2.4}{\376\377\000I\001\141\000o\000r\000i\000n\000i\001\163\000\040\000s\000p\000r\000a\000g\001\163\000\040\000s\000k\000e\000n\000a\000v\000i\000m\000a\000s}{section.2}% 17
\BOOKMARK [3][-]{subsubsection.2.4.1}{\376\377\000P\000a\000n\000a\000u\000d\000o\000j\000i\000m\000a\000s}{subsection.2.4}% 18
\BOOKMARK [3][-]{subsubsection.2.4.2}{\376\377\000P\000a\000n\000a\000u\000d\000o\000j\000i\000m\000a\000s\000\040\000d\000a\000r\000b\000e}{subsection.2.4}% 19
\BOOKMARK [2][-]{subsection.2.5}{\376\377\000V\000i\000d\000i\000n\000i\001\163\000\040\000p\000a\001\176\000e\000i\000d\001\176\000i\000a\000m\000u\000m\001\163\000\040\000s\000k\000e\000n\000a\000v\000i\000m\000a\000s}{section.2}% 20
\BOOKMARK [3][-]{subsubsection.2.5.1}{\376\377\000P\000a\000n\000a\000u\000d\000o\000j\000i\000m\000a\000s}{subsection.2.5}% 21
\BOOKMARK [3][-]{subsubsection.2.5.2}{\376\377\000P\000a\000n\000a\000u\000d\000o\000j\000i\000m\000a\000s\000\040\000d\000a\000r\000b\000e}{subsection.2.5}% 22
\BOOKMARK [2][-]{subsection.2.6}{\376\377\000A\000p\000l\000i\000n\000k\000o\000s\000\040\000s\000p\000r\000a\000g\001\163\000\040\000s\000k\000e\000n\000a\000v\000i\000m\000a\000s}{section.2}% 23
\BOOKMARK [3][-]{subsubsection.2.6.1}{\376\377\000E\000x\000a\000m\000p\000l\000e}{subsection.2.6}% 24
\BOOKMARK [1][-]{section.3}{\376\377\000G\000e\000r\000o\000s\000i\000o\000s\000\040\000p\000r\000a\000k\000t\000i\000k\000o\000s}{}% 25
\BOOKMARK [2][-]{subsection.3.1}{\376\377\000A\000t\000v\000i\000r\000o\000s\000\040\000k\000o\000d\000o\000\040\000p\000r\000o\000g\000r\000a\000m\000i\000n\001\027\000\040\001\057\000r\000a\000n\000g\000a}{section.3}% 26
\BOOKMARK [3][-]{subsubsection.3.1.1}{\376\377\000P\000r\000i\000v\000a\000l\000u\000m\000a\000i}{subsection.3.1}% 27
\BOOKMARK [3][-]{subsubsection.3.1.2}{\376\377\000T\000r\001\153\000k\000u\000m\000a\000i}{subsection.3.1}% 28
\BOOKMARK [3][-]{subsubsection.3.1.3}{\376\377\000A\000p\000i\000b\000e\000n\000d\000r\000i\000n\000i\000m\000a\000s}{subsection.3.1}% 29
\BOOKMARK [2][-]{subsection.3.2}{\376\377\000U\001\176\000d\000a\000r\000o\000\040\000k\000o\000d\000o\000\040\000p\000r\000o\000g\000r\000a\000m\000i\000n\001\027\000\040\001\057\000r\000a\000n\000g\000a}{section.3}% 30
\BOOKMARK [3][-]{subsubsection.3.2.1}{\376\377\000P\000r\000i\000v\000a\000l\000u\000m\000a\000i}{subsection.3.2}% 31
\BOOKMARK [3][-]{subsubsection.3.2.2}{\376\377\000T\000r\001\153\000k\000u\000m\000a\000i}{subsection.3.2}% 32
\BOOKMARK [3][-]{subsubsection.3.2.3}{\376\377\000A\000p\000i\000b\000e\000n\000d\000r\000i\000n\000i\000m\000a\000s}{subsection.3.2}% 33
\BOOKMARK [1][-]{section.4}{\376\377\000S\000i\000s\000t\000e\000m\001\163\000\040\000a\000u\000d\000i\000t\000a\000v\000i\000m\000o\000\040\001\057\000r\000a\000n\000k\000i\000s}{}% 34
\BOOKMARK [2][-]{subsection.4.1}{\376\377\001\056\000r\000a\000n\000k\000i\000o\000\040\000a\000p\000r\000a\001\141\000a\000s}{section.4}% 35
\BOOKMARK [2][-]{subsection.4.2}{\376\377\000A\000p\000t\000i\000k\000t\000i\000n\000i\000\040\000p\000a\001\176\000e\000i\000d\001\176\000i\000a\000m\000u\000m\000a\000i}{section.4}% 36
\BOOKMARK [2][-]{subsection.4.3}{\376\377\000T\000i\000k\000s\000l\000u\000m\000a\000s}{section.4}% 37
\BOOKMARK [2][-]{subsection.4.4}{\376\377\001\056\000g\000y\000v\000e\000n\000d\000i\000n\000t\000i\000\040\000l\000u\000k\000e\001\141\001\015\000i\000a\000i}{section.4}% 38
\BOOKMARK [2][-]{subsection.4.5}{\376\377\000T\000r\001\153\000k\000u\000m\000a\000i}{section.4}% 39
\BOOKMARK [1][-]{section*.5}{\376\377\000I\001\141\000v\000a\000d\000o\000s\000\040\000i\000r\000\040\000r\000e\000k\000o\000m\000e\000n\000d\000a\000c\000i\000j\000o\000s}{}% 40
\BOOKMARK [1][-]{section*.6}{\376\377\000A\000t\000e\000i\000t\000i\000e\000s\000\040\000t\000y\000r\000i\000m\001\163\000\040\000p\000l\000a\000n\000a\000s}{}% 41
\BOOKMARK [1][-]{section*.7}{\376\377\000L\000i\000t\000e\000r\000a\000t\001\153\000r\000o\000s\000\040\001\141\000a\000l\000t\000i\000n\000i\000a\000i}{}% 42
\BOOKMARK [1][-]{section*.9}{\376\377\000P\000r\000i\000e\000d\000a\000i}{}% 43
\BOOKMARK [1][-]{Priedas.1.A}{\376\377\000P\000i\000r\000m\000o\000j\000o\000\040\000p\000r\000i\000e\000d\000o\000\040\000p\000a\000v\000a\000d\000i\000n\000i\000m\000a\000s}{}% 44
\BOOKMARK [1][-]{Priedas.1.B}{\376\377\000A\000n\000t\000r\000o\000j\000o\000\040\000p\000r\000i\000e\000d\000o\000\040\000p\000a\000v\000a\000d\000i\000n\000i\000m\000a\000s}{}% 45
